Using pre-set license
Built from '2020.3/staging' branch; Version is '2020.3.14f1 (d0d1bb862f9d) revision 13685179'; Using compiler version '192528614'; Build Type 'Release'
OS: 'Windows 10 Pro; OS build 19043.1237; Version 2009; 64bit' Language: 'es' Physical Memory: 8135 MB
BatchMode: 1, IsHumanControllingUs: 0, StartBugReporterOnCrash: 0, Is64bit: 1, IsPro: 0

 COMMAND LINE ARGUMENTS:
C:\Program Files\Unity\Hub\Editor\2020.3.14f1\Editor\Unity.exe
-adb2
-batchMode
-noUpm
-name
AssetImportWorker0
-projectPath
D:/2o/Unity/Pocket-Space-Factory-main
-logFile
Logs/AssetImportWorker0.log
-srvPort
51171
Successfully changed project path to: D:/2o/Unity/Pocket-Space-Factory-main
D:/2o/Unity/Pocket-Space-Factory-main
Using Asset Import Pipeline V2.
Refreshing native plugins compatible for Editor in 45.27 ms, found 2 plugins.
Preloading 0 native plugins for Editor in 0.00 ms.
Initialize engine version: 2020.3.14f1 (d0d1bb862f9d)
[Subsystems] Discovering subsystems at path C:/Program Files/Unity/Hub/Editor/2020.3.14f1/Editor/Data/Resources/UnitySubsystems
[Subsystems] Discovering subsystems at path D:/2o/Unity/Pocket-Space-Factory-main/Assets
GfxDevice: creating device client; threaded=0
Direct3D:
    Version:  Direct3D 11.0 [level 11.1]
    Renderer: NVIDIA GeForce GTX 1650 (ID=0x1f82)
    Vendor:   
    VRAM:     3962 MB
    Driver:   27.21.14.5751
Initialize mono
Mono path[0] = 'C:/Program Files/Unity/Hub/Editor/2020.3.14f1/Editor/Data/Managed'
Mono path[1] = 'C:/Program Files/Unity/Hub/Editor/2020.3.14f1/Editor/Data/MonoBleedingEdge/lib/mono/unityjit'
Mono config path = 'C:/Program Files/Unity/Hub/Editor/2020.3.14f1/Editor/Data/MonoBleedingEdge/etc'
Using monoOptions --debugger-agent=transport=dt_socket,embedding=1,server=y,suspend=n,address=127.0.0.1:56336
Begin MonoManager ReloadAssembly
Registering precompiled unity dll's ...
Register platform support module: C:/Program Files/Unity/Hub/Editor/2020.3.14f1/Editor/Data/PlaybackEngines/WindowsStandaloneSupport/UnityEditor.WindowsStandalone.Extensions.dll
Registered in 0.002124 seconds.
Native extension for WindowsStandalone target not found
Refreshing native plugins compatible for Editor in 42.49 ms, found 2 plugins.
Preloading 0 native plugins for Editor in 0.00 ms.
Mono: successfully reloaded assembly
- Completed reload, in  1.224 seconds
Domain Reload Profiling:
	ReloadAssembly (1225ms)
		BeginReloadAssembly (63ms)
			ExecutionOrderSort (0ms)
			DisableScriptedObjects (0ms)
			BackupInstance (0ms)
			ReleaseScriptingObjects (0ms)
			CreateAndSetChildDomain (1ms)
		EndReloadAssembly (441ms)
			LoadAssemblies (60ms)
			RebuildTransferFunctionScriptingTraits (0ms)
			SetupTypeCache (165ms)
			ReleaseScriptCaches (0ms)
			RebuildScriptCaches (33ms)
			SetupLoadedEditorAssemblies (174ms)
				LogAssemblyErrors (0ms)
				InitializePlatformSupportModulesInManaged (4ms)
				SetLoadedEditorAssemblies (0ms)
				RefreshPlugins (43ms)
				BeforeProcessingInitializeOnLoad (10ms)
				ProcessInitializeOnLoadAttributes (87ms)
				ProcessInitializeOnLoadMethodAttributes (30ms)
				AfterProcessingInitializeOnLoad (0ms)
				EditorAssembliesLoaded (0ms)
			ExecutionOrderSort2 (0ms)
			AwakeInstancesAfterBackupRestoration (0ms)
Platform modules already initialized, skipping
Registering precompiled user dll's ...
Registered in 0.005300 seconds.
Begin MonoManager ReloadAssembly
Native extension for WindowsStandalone target not found
Refreshing native plugins compatible for Editor in 0.49 ms, found 2 plugins.
Preloading 0 native plugins for Editor in 0.00 ms.
Mono: successfully reloaded assembly
- Completed reload, in  1.131 seconds
Domain Reload Profiling:
	ReloadAssembly (1132ms)
		BeginReloadAssembly (159ms)
			ExecutionOrderSort (0ms)
			DisableScriptedObjects (5ms)
			BackupInstance (0ms)
			ReleaseScriptingObjects (0ms)
			CreateAndSetChildDomain (21ms)
		EndReloadAssembly (897ms)
			LoadAssemblies (93ms)
			RebuildTransferFunctionScriptingTraits (0ms)
			SetupTypeCache (312ms)
			ReleaseScriptCaches (0ms)
			RebuildScriptCaches (59ms)
			SetupLoadedEditorAssemblies (328ms)
				LogAssemblyErrors (0ms)
				InitializePlatformSupportModulesInManaged (6ms)
				SetLoadedEditorAssemblies (0ms)
				RefreshPlugins (1ms)
				BeforeProcessingInitializeOnLoad (83ms)
				ProcessInitializeOnLoadAttributes (225ms)
				ProcessInitializeOnLoadMethodAttributes (5ms)
				AfterProcessingInitializeOnLoad (7ms)
				EditorAssembliesLoaded (1ms)
			ExecutionOrderSort2 (0ms)
			AwakeInstancesAfterBackupRestoration (8ms)
Platform modules already initialized, skipping
========================================================================
Worker process is ready to serve import requests
Launched and connected shader compiler UnityShaderCompiler.exe after 0.05 seconds
Refreshing native plugins compatible for Editor in 0.48 ms, found 2 plugins.
Preloading 0 native plugins for Editor in 0.00 ms.
Unloading 1540 Unused Serialized files (Serialized files now loaded: 0)
System memory in use before: 71.0 MB.
System memory in use after: 71.1 MB.

Unloading 19 unused Assets to reduce memory usage. Loaded Objects now: 1974.
Total: 2.165100 ms (FindLiveObjects: 0.151100 ms CreateObjectMapping: 0.049100 ms MarkObjects: 1.845000 ms  DeleteObjects: 0.118800 ms)

AssetImportParameters requested are different than current active one (requested -> active):
  custom:framework-win-MediaFoundation: 216162199b28c13a410421893ffa2e32 -> 
  custom:video-decoder-ogg-theora: a1e56fd34408186e4bbccfd4996cb3dc -> 
  custom:container-muxer-webm: aa71ff27fc2769a1b78a27578f13a17b -> 
  custom:container-demuxer-webm: 4f35f7cbe854078d1ac9338744f61a02 -> 
  custom:container-demuxer-ogg: 62fdf1f143b41e24485cea50d1cbac27 -> 
  custom:video-encoder-webm-vp8: eb34c28f22e8b96e1ab97ce403110664 -> 
  custom:video-decoder-webm-vp8: 9c59270c3fd7afecdb556c50c9e8de78 -> 
  custom:audio-decoder-ogg-vorbis: bf7c407c2cedff20999df2af8eb42d56 -> 
  custom:audio-encoder-webm-vorbis: bf7c407c2cedff20999df2af8eb42d56 -> 
========================================================================
Received Import Request.
  path: Assets/Internal Assets/Background/Sky1.jpg
  artifactKey: Guid(ccf0602da17431d44bf3ce505df94207) Importer(815301076,1909f56bfc062723c751e8b465ee728b)
Start importing Assets/Internal Assets/Background/Sky1.jpg using Guid(ccf0602da17431d44bf3ce505df94207) Importer(815301076,1909f56bfc062723c751e8b465ee728b)  -> (artifact id: '73d9ddd8250cd30cbbdc00fdd7c49ab5') in 0.188039 seconds 
  Import took 0.209935 seconds .

========================================================================
Received Import Request.
  Time since last request: 0.000271 seconds.
  path: Assets/Internal Assets/Background/Sky2.jpg
  artifactKey: Guid(858c8581ab25ae3459cce290aec487ef) Importer(815301076,1909f56bfc062723c751e8b465ee728b)
Start importing Assets/Internal Assets/Background/Sky2.jpg using Guid(858c8581ab25ae3459cce290aec487ef) Importer(815301076,1909f56bfc062723c751e8b465ee728b)  -> (artifact id: '72673784aa14c51292b2f5b0b9435712') in 0.021424 seconds 
  Import took 0.026688 seconds .

========================================================================
Received Import Request.
  Time since last request: 0.010894 seconds.
  path: Assets/Internal Assets/Background/Sky2.jpg
  artifactKey: Guid(858c8581ab25ae3459cce290aec487ef) Importer(815301076,1909f56bfc062723c751e8b465ee728b)
Start importing Assets/Internal Assets/Background/Sky2.jpg using Guid(858c8581ab25ae3459cce290aec487ef) Importer(815301076,1909f56bfc062723c751e8b465ee728b)  -> (artifact id: '72673784aa14c51292b2f5b0b9435712') in 0.017508 seconds 
  Import took 0.020846 seconds .

========================================================================
Received Prepare
Refreshing native plugins compatible for Editor in 3.87 ms, found 2 plugins.
Preloading 0 native plugins for Editor in 0.00 ms.
Unloading 11 Unused Serialized files (Serialized files now loaded: 0)
System memory in use before: 40.4 MB.
System memory in use after: 40.5 MB.

Unloading 11 unused Assets to reduce memory usage. Loaded Objects now: 1976.
Total: 2.789000 ms (FindLiveObjects: 0.394700 ms CreateObjectMapping: 0.176700 ms MarkObjects: 2.185700 ms  DeleteObjects: 0.031000 ms)

AssetImportParameters requested are different than current active one (requested -> active):
  custom:framework-win-MediaFoundation: 216162199b28c13a410421893ffa2e32 -> 
  custom:video-decoder-ogg-theora: a1e56fd34408186e4bbccfd4996cb3dc -> 
  custom:container-muxer-webm: aa71ff27fc2769a1b78a27578f13a17b -> 
  custom:container-demuxer-webm: 4f35f7cbe854078d1ac9338744f61a02 -> 
  custom:container-demuxer-ogg: 62fdf1f143b41e24485cea50d1cbac27 -> 
  custom:video-encoder-webm-vp8: eb34c28f22e8b96e1ab97ce403110664 -> 
  custom:video-decoder-webm-vp8: 9c59270c3fd7afecdb556c50c9e8de78 -> 
  custom:audio-decoder-ogg-vorbis: bf7c407c2cedff20999df2af8eb42d56 -> 
  custom:audio-encoder-webm-vorbis: bf7c407c2cedff20999df2af8eb42d56 -> 
========================================================================
Received Import Request.
  Time since last request: 4.186009 seconds.
  path: Assets/Internal Assets/Background/Sky2.jpg
  artifactKey: Guid(858c8581ab25ae3459cce290aec487ef) Importer(815301076,1909f56bfc062723c751e8b465ee728b)
Start importing Assets/Internal Assets/Background/Sky2.jpg using Guid(858c8581ab25ae3459cce290aec487ef) Importer(815301076,1909f56bfc062723c751e8b465ee728b)  -> (artifact id: 'a329d6abf1c7bfd6631672ca14a5260d') in 0.081128 seconds 
  Import took 0.103124 seconds .

========================================================================
Received Import Request.
  Time since last request: 6.158055 seconds.
  path: Assets/Internal Assets/Background/Sky1.jpg
  artifactKey: Guid(ccf0602da17431d44bf3ce505df94207) Importer(815301076,1909f56bfc062723c751e8b465ee728b)
Start importing Assets/Internal Assets/Background/Sky1.jpg using Guid(ccf0602da17431d44bf3ce505df94207) Importer(815301076,1909f56bfc062723c751e8b465ee728b)  -> (artifact id: '5b60a73d2e4ebea7f549910827721718') in 0.026069 seconds 
  Import took 0.044689 seconds .

========================================================================
Received Import Request.
  Time since last request: 563.147608 seconds.
  path: Assets/Internal Assets/Models Blocks/powerupBlock_teamBlue.fbx
  artifactKey: Guid(80396db2d2cd99c409ad56c96c66a6e8) Importer(815301076,1909f56bfc062723c751e8b465ee728b)
Start importing Assets/Internal Assets/Models Blocks/powerupBlock_teamBlue.fbx using Guid(80396db2d2cd99c409ad56c96c66a6e8) Importer(815301076,1909f56bfc062723c751e8b465ee728b)  -> (artifact id: '64357b20c42d6da7f0a1948389d7a0a5') in 0.340750 seconds 
  Import took 0.345323 seconds .

========================================================================
Received Import Request.
  Time since last request: 0.000327 seconds.
  path: Assets/Internal Assets/Models Blocks/powerupBlock_teamRed.fbx
  artifactKey: Guid(2718abbdac7d9394e8142b26bd781bd6) Importer(815301076,1909f56bfc062723c751e8b465ee728b)
Start importing Assets/Internal Assets/Models Blocks/powerupBlock_teamRed.fbx using Guid(2718abbdac7d9394e8142b26bd781bd6) Importer(815301076,1909f56bfc062723c751e8b465ee728b)  -> (artifact id: 'e8658b91adf94cf1c8c7136d19bb2e9d') in 0.113853 seconds 
  Import took 0.118634 seconds .

========================================================================
Received Import Request.
  Time since last request: 0.000493 seconds.
  path: Assets/Internal Assets/Models Blocks/powerupBlock_teamYellow.fbx
  artifactKey: Guid(516087a9702271c449e4d8815af27e4d) Importer(815301076,1909f56bfc062723c751e8b465ee728b)
Start importing Assets/Internal Assets/Models Blocks/powerupBlock_teamYellow.fbx using Guid(516087a9702271c449e4d8815af27e4d) Importer(815301076,1909f56bfc062723c751e8b465ee728b)  -> (artifact id: '524d58515b5d518cc3ec7a68e5a4d576') in 0.083660 seconds 
  Import took 0.098669 seconds .

========================================================================
Received Import Request.
  Time since last request: 1174.294093 seconds.
  path: Assets/Internal Assets/Models SpaceBase/Sprites
  artifactKey: Guid(2d7d2016862dc7a44a4d9dcfd055f240) Importer(815301076,1909f56bfc062723c751e8b465ee728b)
Start importing Assets/Internal Assets/Models SpaceBase/Sprites using Guid(2d7d2016862dc7a44a4d9dcfd055f240) Importer(815301076,1909f56bfc062723c751e8b465ee728b)  -> (artifact id: '94e149eefccb0c87efddc2b841584f3e') in 0.012457 seconds 
  Import took 0.017659 seconds .

========================================================================
Received Import Request.
  Time since last request: 25.869829 seconds.
  path: Assets/Internal Assets/Models Blocks
  artifactKey: Guid(73e1c47fc5bfd724aaff446cf93b172c) Importer(815301076,1909f56bfc062723c751e8b465ee728b)
Start importing Assets/Internal Assets/Models Blocks using Guid(73e1c47fc5bfd724aaff446cf93b172c) Importer(815301076,1909f56bfc062723c751e8b465ee728b)  -> (artifact id: 'c1527df2e503f8649b7a624b8b7d94e1') in 0.111146 seconds 
  Import took 0.136549 seconds .

========================================================================
Received Import Request.
  Time since last request: 10.327385 seconds.
  path: Assets/Internal Assets/Character
  artifactKey: Guid(ad54ae89812beff40ae958a89ab18861) Importer(815301076,1909f56bfc062723c751e8b465ee728b)
Start importing Assets/Internal Assets/Character using Guid(ad54ae89812beff40ae958a89ab18861) Importer(815301076,1909f56bfc062723c751e8b465ee728b)  -> (artifact id: '2e61c4a929287683dd48c93fe32ccbfd') in 0.009226 seconds 
  Import took 0.102481 seconds .

========================================================================
Received Prepare
Registering precompiled user dll's ...
Registered in 0.007385 seconds.
Begin MonoManager ReloadAssembly
Native extension for WindowsStandalone target not found
Refreshing native plugins compatible for Editor in 0.47 ms, found 2 plugins.
Preloading 0 native plugins for Editor in 0.00 ms.
Mono: successfully reloaded assembly
- Completed reload, in  1.077 seconds
Domain Reload Profiling:
	ReloadAssembly (1077ms)
		BeginReloadAssembly (123ms)
			ExecutionOrderSort (0ms)
			DisableScriptedObjects (5ms)
			BackupInstance (0ms)
			ReleaseScriptingObjects (0ms)
			CreateAndSetChildDomain (34ms)
		EndReloadAssembly (888ms)
			LoadAssemblies (93ms)
			RebuildTransferFunctionScriptingTraits (0ms)
			SetupTypeCache (306ms)
			ReleaseScriptCaches (1ms)
			RebuildScriptCaches (47ms)
			SetupLoadedEditorAssemblies (337ms)
				LogAssemblyErrors (0ms)
				InitializePlatformSupportModulesInManaged (7ms)
				SetLoadedEditorAssemblies (1ms)
				RefreshPlugins (1ms)
				BeforeProcessingInitializeOnLoad (84ms)
				ProcessInitializeOnLoadAttributes (232ms)
				ProcessInitializeOnLoadMethodAttributes (5ms)
				AfterProcessingInitializeOnLoad (7ms)
				EditorAssembliesLoaded (0ms)
			ExecutionOrderSort2 (0ms)
			AwakeInstancesAfterBackupRestoration (8ms)
Platform modules already initialized, skipping
Refreshing native plugins compatible for Editor in 0.75 ms, found 2 plugins.
Preloading 0 native plugins for Editor in 0.00 ms.
Unloading 1532 Unused Serialized files (Serialized files now loaded: 0)
System memory in use before: 74.2 MB.
System memory in use after: 74.3 MB.

Unloading 14 unused Assets to reduce memory usage. Loaded Objects now: 2023.
Total: 1.816700 ms (FindLiveObjects: 0.155700 ms CreateObjectMapping: 0.053800 ms MarkObjects: 1.590700 ms  DeleteObjects: 0.015400 ms)

AssetImportParameters requested are different than current active one (requested -> active):
  custom:framework-win-MediaFoundation: 216162199b28c13a410421893ffa2e32 -> 
  custom:video-decoder-ogg-theora: a1e56fd34408186e4bbccfd4996cb3dc -> 
  custom:container-muxer-webm: aa71ff27fc2769a1b78a27578f13a17b -> 
  custom:container-demuxer-webm: 4f35f7cbe854078d1ac9338744f61a02 -> 
  custom:container-demuxer-ogg: 62fdf1f143b41e24485cea50d1cbac27 -> 
  custom:video-encoder-webm-vp8: eb34c28f22e8b96e1ab97ce403110664 -> 
  custom:video-decoder-webm-vp8: 9c59270c3fd7afecdb556c50c9e8de78 -> 
  custom:audio-decoder-ogg-vorbis: bf7c407c2cedff20999df2af8eb42d56 -> 
  custom:audio-encoder-webm-vorbis: bf7c407c2cedff20999df2af8eb42d56 -> 
========================================================================
Received Import Request.
  Time since last request: 438.523097 seconds.
  path: Assets/Internal Assets/Models SpaceBase/Models/New Material.mat
  artifactKey: Guid(a9889c8b69cb844489cff14cf92d2078) Importer(815301076,1909f56bfc062723c751e8b465ee728b)
Start importing Assets/Internal Assets/Models SpaceBase/Models/New Material.mat using Guid(a9889c8b69cb844489cff14cf92d2078) Importer(815301076,1909f56bfc062723c751e8b465ee728b)  -> (artifact id: '187485e59bd6a3272207e43811b8e827') in 0.108126 seconds 
  Import took 0.112143 seconds .

========================================================================
Received Import Request.
  Time since last request: 699.540823 seconds.
  path: Assets/In Progress/Main Menu Manager/Materials/blueprint.mat
  artifactKey: Guid(9f25b78b587fe4042a39b5aecdf55fae) Importer(815301076,1909f56bfc062723c751e8b465ee728b)
Start importing Assets/In Progress/Main Menu Manager/Materials/blueprint.mat using Guid(9f25b78b587fe4042a39b5aecdf55fae) Importer(815301076,1909f56bfc062723c751e8b465ee728b)  -> (artifact id: '01d1c4a5eab3713c2637e43432909c1d') in 0.301053 seconds 
  Import took 0.305354 seconds .

========================================================================
Received Import Request.
  Time since last request: 0.000275 seconds.
  path: Assets/In Progress/Main Menu Manager/Materials/cursor.mat
  artifactKey: Guid(645c32c0ab891974bb845b3e248908c1) Importer(815301076,1909f56bfc062723c751e8b465ee728b)
Start importing Assets/In Progress/Main Menu Manager/Materials/cursor.mat using Guid(645c32c0ab891974bb845b3e248908c1) Importer(815301076,1909f56bfc062723c751e8b465ee728b)  -> (artifact id: 'd8aca2d08322c58057ef2d82aed3f921') in 0.108993 seconds 
  Import took 0.147968 seconds .

========================================================================
Received Import Request.
  Time since last request: 0.000329 seconds.
  path: Assets/In Progress/Main Menu Manager/Materials/map.mat
  artifactKey: Guid(f49e08728f915ce4a8a88fdb816b2546) Importer(815301076,1909f56bfc062723c751e8b465ee728b)
Start importing Assets/In Progress/Main Menu Manager/Materials/map.mat using Guid(f49e08728f915ce4a8a88fdb816b2546) Importer(815301076,1909f56bfc062723c751e8b465ee728b)  -> (artifact id: '4667893ad78b406dd91d814c30586230') in 0.024259 seconds 
  Import took 0.028664 seconds .

========================================================================
Received Import Request.
  Time since last request: 0.000285 seconds.
  path: Assets/In Progress/Main Menu Manager/Materials/grid.mat
  artifactKey: Guid(2d99725693e55b4459a14d8bafc2181b) Importer(815301076,1909f56bfc062723c751e8b465ee728b)
Start importing Assets/In Progress/Main Menu Manager/Materials/grid.mat using Guid(2d99725693e55b4459a14d8bafc2181b) Importer(815301076,1909f56bfc062723c751e8b465ee728b)  -> (artifact id: '8298d897d29627a4e9983a2441dcc4a9') in 0.225133 seconds 
  Import took 0.228192 seconds .

========================================================================
Received Import Request.
  Time since last request: 0.000273 seconds.
  path: Assets/In Progress/Main Menu Manager/Materials/tiles.mat
  artifactKey: Guid(b2b792e8035780b4e93dfa109141548a) Importer(815301076,1909f56bfc062723c751e8b465ee728b)
Start importing Assets/In Progress/Main Menu Manager/Materials/tiles.mat using Guid(b2b792e8035780b4e93dfa109141548a) Importer(815301076,1909f56bfc062723c751e8b465ee728b)  -> (artifact id: '579117c42434443852b9f0d307989c72') in 0.018685 seconds 
  Import took 0.022279 seconds .

========================================================================
Received Import Request.
  Time since last request: 0.000411 seconds.
  path: Assets/In Progress/Main Menu Manager/Materials/mapFloor.mat
  artifactKey: Guid(85534d826aaa5f140903f557ab7318c8) Importer(815301076,1909f56bfc062723c751e8b465ee728b)
Start importing Assets/In Progress/Main Menu Manager/Materials/mapFloor.mat using Guid(85534d826aaa5f140903f557ab7318c8) Importer(815301076,1909f56bfc062723c751e8b465ee728b)  -> (artifact id: '85d4367836011bbc4fc90bb7557b0e7f') in 0.023803 seconds 
  Import took 0.028791 seconds .

========================================================================
Received Import Request.
  Time since last request: 0.000327 seconds.
  path: Assets/In Progress/Main Menu Manager/Materials/carpetWaves.mat
  artifactKey: Guid(d335aff44285069469a45f033bfcd7dc) Importer(815301076,1909f56bfc062723c751e8b465ee728b)
Start importing Assets/In Progress/Main Menu Manager/Materials/carpetWaves.mat using Guid(d335aff44285069469a45f033bfcd7dc) Importer(815301076,1909f56bfc062723c751e8b465ee728b)  -> (artifact id: 'b195fcb156f13d3607d740c79f395d23') in 0.016584 seconds 
  Import took 0.021012 seconds .

========================================================================
Received Import Request.
  Time since last request: 0.000268 seconds.
  path: Assets/In Progress/Main Menu Manager/Materials/carpetChecker.mat
  artifactKey: Guid(c6bc888b96fa4224da5d0ff19f4855c2) Importer(815301076,1909f56bfc062723c751e8b465ee728b)
Start importing Assets/In Progress/Main Menu Manager/Materials/carpetChecker.mat using Guid(c6bc888b96fa4224da5d0ff19f4855c2) Importer(815301076,1909f56bfc062723c751e8b465ee728b)  -> (artifact id: '70cf881948299a42c5bf6c3bf412a96f') in 0.158099 seconds 
  Import took 0.161449 seconds .

========================================================================
Received Import Request.
  Time since last request: 0.000261 seconds.
  path: Assets/In Progress/Main Menu Manager/Materials/blueprintFloor.mat
  artifactKey: Guid(41b6c1775f61e664ab875227c5e8747c) Importer(815301076,1909f56bfc062723c751e8b465ee728b)
Start importing Assets/In Progress/Main Menu Manager/Materials/blueprintFloor.mat using Guid(41b6c1775f61e664ab875227c5e8747c) Importer(815301076,1909f56bfc062723c751e8b465ee728b)  -> (artifact id: 'f192aca710ce77d949c6ea13c18c3f86') in 0.021903 seconds 
  Import took 0.025906 seconds .

========================================================================
Received Import Request.
  Time since last request: 20.542515 seconds.
  path: Assets/In Progress/Main Menu Manager/Materials
  artifactKey: Guid(bd7a80c2a66d9204f875fcd9a048d447) Importer(815301076,1909f56bfc062723c751e8b465ee728b)
Start importing Assets/In Progress/Main Menu Manager/Materials using Guid(bd7a80c2a66d9204f875fcd9a048d447) Importer(815301076,1909f56bfc062723c751e8b465ee728b)  -> (artifact id: 'db0d57533e4db4be40f73358496f3664') in 0.025217 seconds 
  Import took 0.126182 seconds .

========================================================================
Received Import Request.
  Time since last request: 1.060920 seconds.
  path: Assets/In Progress/Main Menu Manager/Materials/Materials
  artifactKey: Guid(7645d253b00e0d84c939ca549686e79c) Importer(815301076,1909f56bfc062723c751e8b465ee728b)
Start importing Assets/In Progress/Main Menu Manager/Materials/Materials using Guid(7645d253b00e0d84c939ca549686e79c) Importer(815301076,1909f56bfc062723c751e8b465ee728b)  -> (artifact id: '854a19a82bdf461daad88fa02a722121') in 0.006812 seconds 
  Import took 0.010427 seconds .

========================================================================
Received Import Request.
  Time since last request: 0.072074 seconds.
  path: Assets/In Progress/Main Menu Manager/Materials/Materials/cabin.mat
  artifactKey: Guid(aa3cd95158ab6804398be7bc264cd504) Importer(815301076,1909f56bfc062723c751e8b465ee728b)
Start importing Assets/In Progress/Main Menu Manager/Materials/Materials/cabin.mat using Guid(aa3cd95158ab6804398be7bc264cd504) Importer(815301076,1909f56bfc062723c751e8b465ee728b)  -> (artifact id: '80433c00e39d81f736bdeff7c23e1d87') in 0.021971 seconds 
  Import took 0.025814 seconds .

========================================================================
Received Import Request.
  Time since last request: 0.000340 seconds.
  path: Assets/In Progress/Main Menu Manager/Materials/Materials/carpetWaves.mat
  artifactKey: Guid(ba578c8175f110f478fb0277aee29738) Importer(815301076,1909f56bfc062723c751e8b465ee728b)
Start importing Assets/In Progress/Main Menu Manager/Materials/Materials/carpetWaves.mat using Guid(ba578c8175f110f478fb0277aee29738) Importer(815301076,1909f56bfc062723c751e8b465ee728b)  -> (artifact id: 'db804da01dedde497d244191784645b3') in 0.027349 seconds 
  Import took 0.031391 seconds .

========================================================================
Received Import Request.
  Time since last request: 0.000234 seconds.
  path: Assets/In Progress/Main Menu Manager/Materials/Materials/wallDark.mat
  artifactKey: Guid(fa3ae9a6b917945409afedbfa71a835e) Importer(815301076,1909f56bfc062723c751e8b465ee728b)
Start importing Assets/In Progress/Main Menu Manager/Materials/Materials/wallDark.mat using Guid(fa3ae9a6b917945409afedbfa71a835e) Importer(815301076,1909f56bfc062723c751e8b465ee728b)  -> (artifact id: 'a180c4f038c238aa9b67e1eeac830657') in 0.027262 seconds 
  Import took 0.047619 seconds .

========================================================================
Received Import Request.
  Time since last request: 0.000284 seconds.
  path: Assets/In Progress/Main Menu Manager/Materials/Materials/carpetChecker.mat
  artifactKey: Guid(5d55855e722b01c42ad6ca7375c4bbe0) Importer(815301076,1909f56bfc062723c751e8b465ee728b)
Start importing Assets/In Progress/Main Menu Manager/Materials/Materials/carpetChecker.mat using Guid(5d55855e722b01c42ad6ca7375c4bbe0) Importer(815301076,1909f56bfc062723c751e8b465ee728b)  -> (artifact id: '9865076f7ac3c0a0e1364556f87ac244') in 0.027939 seconds 
  Import took 0.032326 seconds .

========================================================================
Received Import Request.
  Time since last request: 0.000304 seconds.
  path: Assets/In Progress/Main Menu Manager/Materials/Materials/tiles.mat
  artifactKey: Guid(9b89909a7f8ca3c419871e9e8c7f52cd) Importer(815301076,1909f56bfc062723c751e8b465ee728b)
Start importing Assets/In Progress/Main Menu Manager/Materials/Materials/tiles.mat using Guid(9b89909a7f8ca3c419871e9e8c7f52cd) Importer(815301076,1909f56bfc062723c751e8b465ee728b)  -> (artifact id: 'deffd8676b16fc5d2547188182f0d9db') in 0.037665 seconds 
  Import took 0.042573 seconds .

========================================================================
Received Import Request.
  Time since last request: 209.503179 seconds.
  path: Assets/In Progress/Main Menu Manager/Materials/Textures/arcade.png
  artifactKey: Guid(5e26a9d8460865549884567d80ab6d6f) Importer(815301076,1909f56bfc062723c751e8b465ee728b)
Start importing Assets/In Progress/Main Menu Manager/Materials/Textures/arcade.png using Guid(5e26a9d8460865549884567d80ab6d6f) Importer(815301076,1909f56bfc062723c751e8b465ee728b)  -> (artifact id: '646aaf69ec42e57b64a4b3cc02ed4ad0') in 0.032138 seconds 
  Import took 0.035564 seconds .

========================================================================
Received Import Request.
  Time since last request: 0.000311 seconds.
  path: Assets/In Progress/Main Menu Manager/Materials/Textures/carpetChecker.png
  artifactKey: Guid(fe810a130db532d40a6403a24742c581) Importer(815301076,1909f56bfc062723c751e8b465ee728b)
Start importing Assets/In Progress/Main Menu Manager/Materials/Textures/carpetChecker.png using Guid(fe810a130db532d40a6403a24742c581) Importer(815301076,1909f56bfc062723c751e8b465ee728b)  -> (artifact id: '90fa332b6d6be9cbc7be593d248d9689') in 0.013409 seconds 
  Import took 0.059056 seconds .

========================================================================
Received Import Request.
  Time since last request: 0.000311 seconds.
  path: Assets/In Progress/Main Menu Manager/Materials/Textures/tiles.png
  artifactKey: Guid(7183a4959d97115479fc2671bb6bbdce) Importer(815301076,1909f56bfc062723c751e8b465ee728b)
Start importing Assets/In Progress/Main Menu Manager/Materials/Textures/tiles.png using Guid(7183a4959d97115479fc2671bb6bbdce) Importer(815301076,1909f56bfc062723c751e8b465ee728b)  -> (artifact id: 'd44f7f8a6d0f767734496671dbede43d') in 0.017026 seconds 
  Import took 0.021786 seconds .

========================================================================
Received Import Request.
  Time since last request: 0.000524 seconds.
  path: Assets/In Progress/Main Menu Manager/Materials/Textures/wallDefault.png
  artifactKey: Guid(f7029efcc9cc5664891afcc4934073ee) Importer(815301076,1909f56bfc062723c751e8b465ee728b)
Start importing Assets/In Progress/Main Menu Manager/Materials/Textures/wallDefault.png using Guid(f7029efcc9cc5664891afcc4934073ee) Importer(815301076,1909f56bfc062723c751e8b465ee728b)  -> (artifact id: '8cefbe860f2bbe09e2188c32a44a715b') in 0.031776 seconds 
  Import took 0.035054 seconds .

========================================================================
Received Import Request.
  Time since last request: 0.000317 seconds.
  path: Assets/In Progress/Main Menu Manager/Materials/Textures/carpetWaves.png
  artifactKey: Guid(44341679eadaa8c48bcf16bfe011c56f) Importer(815301076,1909f56bfc062723c751e8b465ee728b)
Start importing Assets/In Progress/Main Menu Manager/Materials/Textures/carpetWaves.png using Guid(44341679eadaa8c48bcf16bfe011c56f) Importer(815301076,1909f56bfc062723c751e8b465ee728b)  -> (artifact id: '67cc36cdaa025733e2cf930e05388c0d') in 0.040413 seconds 
  Import took 0.043700 seconds .

========================================================================
Received Import Request.
  Time since last request: 0.000269 seconds.
  path: Assets/In Progress/Main Menu Manager/Materials/Textures/wallDark.png
  artifactKey: Guid(ad8ee2e3e7f97fc45b922f1cb4f260c5) Importer(815301076,1909f56bfc062723c751e8b465ee728b)
Start importing Assets/In Progress/Main Menu Manager/Materials/Textures/wallDark.png using Guid(ad8ee2e3e7f97fc45b922f1cb4f260c5) Importer(815301076,1909f56bfc062723c751e8b465ee728b)  -> (artifact id: 'e360c73f7e7967871291375dc87a755a') in 0.014684 seconds 
  Import took 0.017790 seconds .

========================================================================
Received Import Request.
  Time since last request: 0.000279 seconds.
  path: Assets/In Progress/Main Menu Manager/Materials/Textures/wallBlue.png
  artifactKey: Guid(70cab32b8f932744a95faefcf114924c) Importer(815301076,1909f56bfc062723c751e8b465ee728b)
Start importing Assets/In Progress/Main Menu Manager/Materials/Textures/wallBlue.png using Guid(70cab32b8f932744a95faefcf114924c) Importer(815301076,1909f56bfc062723c751e8b465ee728b)  -> (artifact id: 'dcf95b47c6f995b878ad719e1577b2b0') in 0.011961 seconds 
  Import took 0.031975 seconds .

========================================================================
Received Import Request.
  Time since last request: 0.000318 seconds.
  path: Assets/In Progress/Main Menu Manager/Materials/Textures/cabin.png
  artifactKey: Guid(c6008962edc98684b84b745356495e61) Importer(815301076,1909f56bfc062723c751e8b465ee728b)
Start importing Assets/In Progress/Main Menu Manager/Materials/Textures/cabin.png using Guid(c6008962edc98684b84b745356495e61) Importer(815301076,1909f56bfc062723c751e8b465ee728b)  -> (artifact id: 'ef40cdb5b1711853c760bb733bbf5319') in 0.013388 seconds 
  Import took 0.022044 seconds .

AssetImportWorkerClient::OnTransportError - code=2 error=End of file
